[debug] [2023-03-09T05:15:53.517Z] ----------------------------------------------------------------------
[debug] [2023-03-09T05:15:53.524Z] Command:       C:\Program Files\nodejs\node.exe C:\Users\MANI\AppData\Roaming\npm\node_modules\firebase-tools\lib\bin\firebase.js init
[debug] [2023-03-09T05:15:53.527Z] CLI Version:   11.24.1
[debug] [2023-03-09T05:15:53.527Z] Platform:      win32
[debug] [2023-03-09T05:15:53.528Z] Node Version:  v18.14.0
[debug] [2023-03-09T05:15:53.531Z] Time:          Thu Mar 09 2023 10:45:53 GMT+0530 (India Standard Time)
[debug] [2023-03-09T05:15:53.532Z] ----------------------------------------------------------------------
[debug] 
[debug] [2023-03-09T05:15:53.777Z] > command requires scopes: ["email","openid","https://www.googleapis.com/auth/cloudplatformprojects.readonly","https://www.googleapis.com/auth/firebase","https://www.googleapis.com/auth/cloud-platform"]
[debug] [2023-03-09T05:15:53.779Z] > authorizing via signed-in user (manigandan.3331@gmail.com)
[info] 
     ######## #### ########  ######## ########     ###     ######  ########
     ##        ##  ##     ## ##       ##     ##  ##   ##  ##       ##
     ######    ##  ########  ######   ########  #########  ######  ######
     ##        ##  ##    ##  ##       ##     ## ##     ##       ## ##
     ##       #### ##     ## ######## ########  ##     ##  ######  ########

You're about to initialize a Firebase project in this directory:

  F:\ANGULAR\userLogin

Before we get started, keep in mind:

  * You are initializing within an existing Firebase project directory

[info] 
=== Project Setup
[info] 
[info] First, let's associate this project directory with a Firebase project.
[info] You can create multiple project aliases by running firebase use --add, 
[info] but for now we'll just set up a default project.
[info] 
[debug] [2023-03-09T05:16:00.752Z] Using project from CLI flag: apiuserloginangularapplication
[debug] [2023-03-09T05:16:00.760Z] >>> [apiv2][query] GET https://firebase.googleapis.com/v1beta1/projects/apiuserloginangularapplication [none]
[debug] [2023-03-09T05:16:01.351Z] <<< [apiv2][status] GET https://firebase.googleapis.com/v1beta1/projects/apiuserloginangularapplication 200
[debug] [2023-03-09T05:16:01.351Z] <<< [apiv2][body] GET https://firebase.googleapis.com/v1beta1/projects/apiuserloginangularapplication {"projectId":"apiuserloginangularapplication","projectNumber":"1451882819","displayName":"apiuserloginangularapplication","name":"projects/apiuserloginangularapplication","resources":{"hostingSite":"apiuserloginangularapplication"},"state":"ACTIVE","etag":"1_f5f3185e-d416-443d-bc08-051b11da3686"}
[info] i  Using project apiuserloginangularapplication (apiuserloginangularapplication) 
[info] 
=== Hosting:github Setup
[info] 
[info] i  Didn't detect a .git folder. Assuming F:\ANGULAR\userLogin\src\app\public is the project root. 
[info] i  Authorizing with GitHub to upload your service account to a GitHub repository's secrets store. 
[info] 
[info] Visit this URL on this device to log in:
[info] https://github.com/login/oauth/authorize?client_id=89cf50f02ac6aaed3484&state=243431928&redirect_uri=http%3A%2F%2Flocalhost%3A9005&scope=read%3Auser%20repo%20public_repo
[info] 
[info] Waiting for authentication...
[debug] [2023-03-09T05:16:20.817Z] >>> [apiv2][query] POST https://github.com/login/oauth/access_token [none]
[debug] [2023-03-09T05:16:20.819Z] >>> [apiv2][body] POST https://github.com/login/oauth/access_token [stream]
[debug] [2023-03-09T05:16:21.720Z] <<< [apiv2][status] POST https://github.com/login/oauth/access_token 200
[debug] [2023-03-09T05:16:21.721Z] <<< [apiv2][body] POST https://github.com/login/oauth/access_token {"access_token":"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","token_type":"bearer","scope":"read:user,repo"}
[debug] [2023-03-09T05:16:21.837Z] >>> [apiv2][query] GET https://api.github.com/user [none]
[debug] [2023-03-09T05:16:22.636Z] <<< [apiv2][status] GET https://api.github.com/user 200
[debug] [2023-03-09T05:16:22.636Z] <<< [apiv2][body] GET https://api.github.com/user {"login":"mani060601","id":119286613,"node_id":"U_kgDOBxwrVQ","avatar_url":"https://avatars.githubusercontent.com/u/119286613?v=4","gravatar_id":"","url":"https://api.github.com/users/mani060601","html_url":"https://github.com/mani060601","followers_url":"https://api.github.com/users/mani060601/followers","following_url":"https://api.github.com/users/mani060601/following{/other_user}","gists_url":"https://api.github.com/users/mani060601/gists{/gist_id}","starred_url":"https://api.github.com/users/mani060601/starred{/owner}{/repo}","subscriptions_url":"https://api.github.com/users/mani060601/subscriptions","organizations_url":"https://api.github.com/users/mani060601/orgs","repos_url":"https://api.github.com/users/mani060601/repos","events_url":"https://api.github.com/users/mani060601/events{/privacy}","received_events_url":"https://api.github.com/users/mani060601/received_events","type":"User","site_admin":false,"name":null,"company":null,"blog":"","location":null,"email":null,"hireable":null,"bio":null,"twitter_username":null,"public_repos":0,"public_gists":0,"followers":0,"following":0,"created_at":"2022-11-28T07:24:09Z","updated_at":"2022-11-28T07:24:09Z","private_gists":0,"total_private_repos":0,"owned_private_repos":0,"disk_usage":0,"collaborators":0,"two_factor_authentication":false,"plan":{"name":"free","space":976562499,"collaborators":0,"private_repos":10000}}
[info] 
[info] +  Success! Logged into GitHub as mani060601 
[info] 
[debug] [2023-03-09T05:16:38.540Z] >>> [apiv2][query] GET https://api.github.com/repos//actions/secrets/public-key type=owner
[debug] [2023-03-09T05:16:39.014Z] <<< [apiv2][status] GET https://api.github.com/repos//actions/secrets/public-key 404
[debug] [2023-03-09T05:16:39.014Z] <<< [apiv2][body] GET https://api.github.com/repos//actions/secrets/public-key {"message":"Not Found","documentation_url":"https://docs.github.com/rest"}
[debug] [2023-03-09T05:17:00.120Z] >>> [apiv2][query] GET https://api.github.com/repos/user/public/actions/secrets/public-key type=owner
[debug] [2023-03-09T05:17:00.509Z] <<< [apiv2][status] GET https://api.github.com/repos/user/public/actions/secrets/public-key 404
[debug] [2023-03-09T05:17:00.510Z] <<< [apiv2][body] GET https://api.github.com/repos/user/public/actions/secrets/public-key {"message":"Not Found","documentation_url":"https://docs.github.com/rest/reference/actions#get-a-repository-public-key"}
[debug] [2023-03-09T05:17:04.344Z] >>> [apiv2][query] GET https://api.github.com/repos/user/public/actions/secrets/public-key type=owner
[debug] [2023-03-09T05:17:04.733Z] <<< [apiv2][status] GET https://api.github.com/repos/user/public/actions/secrets/public-key 404
[debug] [2023-03-09T05:17:04.734Z] <<< [apiv2][body] GET https://api.github.com/repos/user/public/actions/secrets/public-key {"message":"Not Found","documentation_url":"https://docs.github.com/rest/reference/actions#get-a-repository-public-key"}
[debug] [2023-03-09T05:17:05.449Z] >>> [apiv2][query] GET https://api.github.com/repos/user/public/actions/secrets/public-key type=owner
[debug] [2023-03-09T05:17:05.662Z] >>> [apiv2][query] GET https://api.github.com/repos//actions/secrets/public-key type=owner
[debug] [2023-03-09T05:17:05.874Z] <<< [apiv2][status] GET https://api.github.com/repos/user/public/actions/secrets/public-key 404
[debug] [2023-03-09T05:17:05.875Z] <<< [apiv2][body] GET https://api.github.com/repos/user/public/actions/secrets/public-key {"message":"Not Found","documentation_url":"https://docs.github.com/rest/reference/actions#get-a-repository-public-key"}
[debug] [2023-03-09T05:17:06.059Z] <<< [apiv2][status] GET https://api.github.com/repos//actions/secrets/public-key 404
[debug] [2023-03-09T05:17:06.060Z] <<< [apiv2][body] GET https://api.github.com/repos//actions/secrets/public-key {"message":"Not Found","documentation_url":"https://docs.github.com/rest"}
[debug] [2023-03-09T05:17:10.040Z] >>> [apiv2][query] GET https://api.github.com/repos//actions/secrets/public-key type=owner
[debug] [2023-03-09T05:17:10.433Z] <<< [apiv2][status] GET https://api.github.com/repos//actions/secrets/public-key 404
[debug] [2023-03-09T05:17:10.433Z] <<< [apiv2][body] GET https://api.github.com/repos//actions/secrets/public-key {"message":"Not Found","documentation_url":"https://docs.github.com/rest"}
[debug] [2023-03-09T05:17:11.193Z] >>> [apiv2][query] GET https://api.github.com/repos//actions/secrets/public-key type=owner
[debug] [2023-03-09T05:17:11.577Z] <<< [apiv2][status] GET https://api.github.com/repos//actions/secrets/public-key 404
[debug] [2023-03-09T05:17:11.578Z] <<< [apiv2][body] GET https://api.github.com/repos//actions/secrets/public-key {"message":"Not Found","documentation_url":"https://docs.github.com/rest"}
